<?xml version="1.0" encoding="UTF-8"?>
<testng-results skipped="0" failed="0" ignored="0" total="1" passed="1">
  <reporter-output>
  </reporter-output>
  <suite name="Default suite" duration-ms="155" started-at="2022-09-27T17:37:35Z" finished-at="2022-09-27T17:37:35Z">
    <groups>
    </groups>
    <test name="Default test" duration-ms="155" started-at="2022-09-27T17:37:35Z" finished-at="2022-09-27T17:37:35Z">
      <class name="com.test.TestNGTest1">
        <test-method status="PASS" signature="logintest()[pri:0, instance:com.test.TestNGTest1@5d47c63f]" name="logintest" duration-ms="29" started-at="2022-09-27T17:37:35Z" finished-at="2022-09-27T17:37:35Z">
          <reporter-output>
          </reporter-output>
        </test-method> <!-- logintest -->
      </class> <!-- com.test.TestNGTest1 -->
    </test> <!-- Default test -->
  </suite> <!-- Default suite -->
</testng-results>
